[2016-04-08 18:19:51] ERROR ~ 

@6pke3284g
css.content.css action not found

Action not found
Action css.content.css could not be found. Error raised is Controller controllers.css.content not found

jws.exceptions.ActionNotFoundException: Action css.content.css not found
	at jws.mvc.ActionInvoker.getActionMethod(ActionInvoker.java:639)
	at jws.mvc.ActionInvoker.resolve(ActionInvoker.java:91)
	at Invocation.HTTP Request(JWS)
Caused by: java.lang.Exception: Controller controllers.css.content not found
	... 3 more
[2016-04-08 18:19:51] ERROR ~ 

@6pke3284h
js.swapImg_openLayer.js action not found

Action not found
Action js.swapImg_openLayer.js could not be found. Error raised is Controller controllers.js.swapImg_openLayer not found

jws.exceptions.ActionNotFoundException: Action js.swapImg_openLayer.js not found
	at jws.mvc.ActionInvoker.getActionMethod(ActionInvoker.java:639)
	at jws.mvc.ActionInvoker.resolve(ActionInvoker.java:91)
	at Invocation.HTTP Request(JWS)
Caused by: java.lang.Exception: Controller controllers.js.swapImg_openLayer not found
	... 3 more
[2016-04-08 18:19:51] ERROR ~ 

@6pke3284i
js.jquery-1.4.2.min.js action not found

Action not found
Action js.jquery-1.4.2.min.js could not be found. Error raised is Controller controllers.js.jquery-1.4.2.min not found

jws.exceptions.ActionNotFoundException: Action js.jquery-1.4.2.min.js not found
	at jws.mvc.ActionInvoker.getActionMethod(ActionInvoker.java:639)
	at jws.mvc.ActionInvoker.resolve(ActionInvoker.java:91)
	at Invocation.HTTP Request(JWS)
Caused by: java.lang.Exception: Controller controllers.js.jquery-1.4.2.min not found
	... 3 more
[2016-04-08 18:20:54] ERROR ~ 

@6pke3284j
css.content.css action not found

Action not found
Action css.content.css could not be found. Error raised is Controller controllers.css.content not found

jws.exceptions.ActionNotFoundException: Action css.content.css not found
	at jws.mvc.ActionInvoker.getActionMethod(ActionInvoker.java:639)
	at jws.mvc.ActionInvoker.resolve(ActionInvoker.java:91)
	at Invocation.HTTP Request(JWS)
Caused by: java.lang.Exception: Controller controllers.css.content not found
	... 3 more
[2016-04-08 18:20:54] ERROR ~ 

@6pke3284k
js.swapImg_openLayer.js action not found

Action not found
Action js.swapImg_openLayer.js could not be found. Error raised is Controller controllers.js.swapImg_openLayer not found

jws.exceptions.ActionNotFoundException: Action js.swapImg_openLayer.js not found
	at jws.mvc.ActionInvoker.getActionMethod(ActionInvoker.java:639)
	at jws.mvc.ActionInvoker.resolve(ActionInvoker.java:91)
	at Invocation.HTTP Request(JWS)
Caused by: java.lang.Exception: Controller controllers.js.swapImg_openLayer not found
	... 3 more
[2016-04-08 18:20:54] ERROR ~ 

@6pke3284l
js.jquery-1.4.2.min.js action not found

Action not found
Action js.jquery-1.4.2.min.js could not be found. Error raised is Controller controllers.js.jquery-1.4.2.min not found

jws.exceptions.ActionNotFoundException: Action js.jquery-1.4.2.min.js not found
	at jws.mvc.ActionInvoker.getActionMethod(ActionInvoker.java:639)
	at jws.mvc.ActionInvoker.resolve(ActionInvoker.java:91)
	at Invocation.HTTP Request(JWS)
Caused by: java.lang.Exception: Controller controllers.js.jquery-1.4.2.min not found
	... 3 more
[2016-04-08 18:20:58] ERROR ~ 

@6pke3284m
css.content.css action not found

Action not found
Action css.content.css could not be found. Error raised is Controller controllers.css.content not found

jws.exceptions.ActionNotFoundException: Action css.content.css not found
	at jws.mvc.ActionInvoker.getActionMethod(ActionInvoker.java:639)
	at jws.mvc.ActionInvoker.resolve(ActionInvoker.java:91)
	at Invocation.HTTP Request(JWS)
Caused by: java.lang.Exception: Controller controllers.css.content not found
	... 3 more
[2016-04-08 18:20:58] ERROR ~ 

@6pke3284n
js.swapImg_openLayer.js action not found

Action not found
Action js.swapImg_openLayer.js could not be found. Error raised is Controller controllers.js.swapImg_openLayer not found

jws.exceptions.ActionNotFoundException: Action js.swapImg_openLayer.js not found
	at jws.mvc.ActionInvoker.getActionMethod(ActionInvoker.java:639)
	at jws.mvc.ActionInvoker.resolve(ActionInvoker.java:91)
	at Invocation.HTTP Request(JWS)
Caused by: java.lang.Exception: Controller controllers.js.swapImg_openLayer not found
	... 3 more
[2016-04-08 18:20:58] ERROR ~ 

@6pke3284o
js.jquery-1.4.2.min.js action not found

Action not found
Action js.jquery-1.4.2.min.js could not be found. Error raised is Controller controllers.js.jquery-1.4.2.min not found

jws.exceptions.ActionNotFoundException: Action js.jquery-1.4.2.min.js not found
	at jws.mvc.ActionInvoker.getActionMethod(ActionInvoker.java:639)
	at jws.mvc.ActionInvoker.resolve(ActionInvoker.java:91)
	at Invocation.HTTP Request(JWS)
Caused by: java.lang.Exception: Controller controllers.js.jquery-1.4.2.min not found
	... 3 more
[2016-04-08 18:21:50] ERROR ~ 

@6pke3284p
css.content.css action not found

Action not found
Action css.content.css could not be found. Error raised is Controller controllers.css.content not found

jws.exceptions.ActionNotFoundException: Action css.content.css not found
	at jws.mvc.ActionInvoker.getActionMethod(ActionInvoker.java:639)
	at jws.mvc.ActionInvoker.resolve(ActionInvoker.java:91)
	at Invocation.HTTP Request(JWS)
Caused by: java.lang.Exception: Controller controllers.css.content not found
	... 3 more
[2016-04-08 18:21:50] ERROR ~ 

@6pke32850
js.jquery-1.4.2.min.js action not found

Action not found
Action js.jquery-1.4.2.min.js could not be found. Error raised is Controller controllers.js.jquery-1.4.2.min not found

jws.exceptions.ActionNotFoundException: Action js.jquery-1.4.2.min.js not found
	at jws.mvc.ActionInvoker.getActionMethod(ActionInvoker.java:639)
	at jws.mvc.ActionInvoker.resolve(ActionInvoker.java:91)
	at Invocation.HTTP Request(JWS)
Caused by: java.lang.Exception: Controller controllers.js.jquery-1.4.2.min not found
	... 3 more
[2016-04-08 18:21:50] ERROR ~ 

@6pke32851
js.swapImg_openLayer.js action not found

Action not found
Action js.swapImg_openLayer.js could not be found. Error raised is Controller controllers.js.swapImg_openLayer not found

jws.exceptions.ActionNotFoundException: Action js.swapImg_openLayer.js not found
	at jws.mvc.ActionInvoker.getActionMethod(ActionInvoker.java:639)
	at jws.mvc.ActionInvoker.resolve(ActionInvoker.java:91)
	at Invocation.HTTP Request(JWS)
Caused by: java.lang.Exception: Controller controllers.js.swapImg_openLayer not found
	... 3 more
[2016-04-08 18:21:53] ERROR ~ 

@6pke32852
css.content.css action not found

Action not found
Action css.content.css could not be found. Error raised is Controller controllers.css.content not found

jws.exceptions.ActionNotFoundException: Action css.content.css not found
	at jws.mvc.ActionInvoker.getActionMethod(ActionInvoker.java:639)
	at jws.mvc.ActionInvoker.resolve(ActionInvoker.java:91)
	at Invocation.HTTP Request(JWS)
Caused by: java.lang.Exception: Controller controllers.css.content not found
	... 3 more
[2016-04-08 18:21:53] ERROR ~ 

@6pke32853
js.jquery-1.4.2.min.js action not found

Action not found
Action js.jquery-1.4.2.min.js could not be found. Error raised is Controller controllers.js.jquery-1.4.2.min not found

jws.exceptions.ActionNotFoundException: Action js.jquery-1.4.2.min.js not found
	at jws.mvc.ActionInvoker.getActionMethod(ActionInvoker.java:639)
	at jws.mvc.ActionInvoker.resolve(ActionInvoker.java:91)
	at Invocation.HTTP Request(JWS)
Caused by: java.lang.Exception: Controller controllers.js.jquery-1.4.2.min not found
	... 3 more
[2016-04-08 18:21:53] ERROR ~ 

@6pke32854
js.swapImg_openLayer.js action not found

Action not found
Action js.swapImg_openLayer.js could not be found. Error raised is Controller controllers.js.swapImg_openLayer not found

jws.exceptions.ActionNotFoundException: Action js.swapImg_openLayer.js not found
	at jws.mvc.ActionInvoker.getActionMethod(ActionInvoker.java:639)
	at jws.mvc.ActionInvoker.resolve(ActionInvoker.java:91)
	at Invocation.HTTP Request(JWS)
Caused by: java.lang.Exception: Controller controllers.js.swapImg_openLayer not found
	... 3 more
[2016-04-08 18:25:03] ERROR ~ 

@6pke32855
web.proxy action not found

Action not found
Action web.proxy could not be found. Error raised is Controller controllers.web not found

jws.exceptions.ActionNotFoundException: Action web.proxy not found
	at jws.mvc.ActionInvoker.getActionMethod(ActionInvoker.java:639)
	at jws.mvc.ActionInvoker.resolve(ActionInvoker.java:91)
	at Invocation.HTTP Request(JWS)
Caused by: java.lang.Exception: Controller controllers.web not found
	... 3 more
[2016-04-08 18:25:26] ERROR ~ 

@6pke32856
web.proxy action not found

Action not found
Action web.proxy could not be found. Error raised is Controller controllers.web not found

jws.exceptions.ActionNotFoundException: Action web.proxy not found
	at jws.mvc.ActionInvoker.getActionMethod(ActionInvoker.java:639)
	at jws.mvc.ActionInvoker.resolve(ActionInvoker.java:91)
	at Invocation.HTTP Request(JWS)
Caused by: java.lang.Exception: Controller controllers.web not found
	... 3 more
