12:12:02,712 ~ [12:11:00 - 12:11:59] path=(/ForwardController/to)500=count(2):min(47.10):50%(357.01):80%(357.01):90%(357.01):95%(357.01):99%(357.01):99.9%(357.01):max(357.01)
12:13:02,728 ~ [12:12:00 - 12:12:59] path=(/ForwardController/to)500=count(3):min(92.76):50%(186.76):80%(409.54):90%(409.54):95%(409.54):99%(409.54):99.9%(409.54):max(409.54)
12:16:02,223 ~ [12:15:00 - 12:15:59] path=(/ForwardController/to)500=count(2):min(751.10):50%(13196.84):80%(13196.84):90%(13196.84):95%(13196.84):99%(13196.84):99.9%(13196.84):max(13196.84)
12:18:02,255 ~ [12:17:00 - 12:17:59] path=(/ForwardController/to)500=count(1):min(22090.83):50%(22090.83):80%(22090.83):90%(22090.83):95%(22090.83):99%(22090.83):99.9%(22090.83):max(22090.83)
14:12:00,777 ~ [14:11:00 - 14:11:59] path=(/ForwardController/to)500=count(2):min(510.17):50%(528.05):80%(528.05):90%(528.05):95%(528.05):99%(528.05):99.9%(528.05):max(528.05)
14:12:00,778 ~ [14:11:00 - 14:11:59] path=()404=count(1):min(101.37):50%(101.37):80%(101.37):90%(101.37):95%(101.37):99%(101.37):99.9%(101.37):max(101.37)
14:13:00,788 ~ [14:12:00 - 14:12:59] path=(/ForwardController/to)500=count(2):min(18175.59):50%(36325.09):80%(36325.09):90%(36325.09):95%(36325.09):99%(36325.09):99.9%(36325.09):max(36325.09)
14:14:00,800 ~ [14:13:00 - 14:13:59] path=(/ForwardController/to)200=count(1):min(633.82):50%(633.82):80%(633.82):90%(633.82):95%(633.82):99%(633.82):99.9%(633.82):max(633.82)
14:33:01,368 ~ [14:32:00 - 14:32:59] path=(/ForwardController/to)500=count(1):min(24.23):50%(24.23):80%(24.23):90%(24.23):95%(24.23):99%(24.23):99.9%(24.23):max(24.23)
14:34:01,384 ~ [14:33:00 - 14:33:59] path=(/ForwardController/to)500=count(1):min(4.77):50%(4.77):80%(4.77):90%(4.77):95%(4.77):99%(4.77):99.9%(4.77):max(4.77)
14:35:01,401 ~ [14:34:00 - 14:34:59] path=(/ForwardController/to)500=count(1):min(83272.20):50%(83272.20):80%(83272.20):90%(83272.20):95%(83272.20):99%(83272.20):99.9%(83272.20):max(83272.20)
14:37:01,448 ~ [14:36:00 - 14:36:59] path=(/ForwardController/to)500=count(1):min(59303.19):50%(59303.19):80%(59303.19):90%(59303.19):95%(59303.19):99%(59303.19):99.9%(59303.19):max(59303.19)
14:39:01,488 ~ [14:38:00 - 14:38:59] path=(/ForwardController/to)500=count(1):min(101251.70):50%(101251.70):80%(101251.70):90%(101251.70):95%(101251.70):99%(101251.70):99.9%(101251.70):max(101251.70)
14:51:01,717 ~ [14:50:00 - 14:50:59] path=(/ForwardController/to)500=count(2):min(22695.67):50%(100106.61):80%(100106.61):90%(100106.61):95%(100106.61):99%(100106.61):99.9%(100106.61):max(100106.61)
14:52:01,729 ~ [14:51:00 - 14:51:59] path=(/ForwardController/to)500=count(1):min(20748.23):50%(20748.23):80%(20748.23):90%(20748.23):95%(20748.23):99%(20748.23):99.9%(20748.23):max(20748.23)
14:53:01,748 ~ [14:52:00 - 14:52:59] path=(/ForwardController/direct)500=count(1):min(.85):50%(.85):80%(.85):90%(.85):95%(.85):99%(.85):99.9%(.85):max(.85)
14:54:01,762 ~ [14:53:00 - 14:53:59] path=(/ForwardController/direct)500=count(1):min(48734.40):50%(48734.40):80%(48734.40):90%(48734.40):95%(48734.40):99%(48734.40):99.9%(48734.40):max(48734.40)
14:54:01,763 ~ [14:53:00 - 14:53:59] path=(/direct)500=count(2):min(.47):50%(21057.37):80%(21057.37):90%(21057.37):95%(21057.37):99%(21057.37):99.9%(21057.37):max(21057.37)
14:55:01,788 ~ [14:54:00 - 14:54:59] path=(/direct)500=count(2):min(.48):50%(9.13):80%(9.13):90%(9.13):95%(9.13):99%(9.13):99.9%(9.13):max(9.13)
14:56:01,823 ~ [14:55:00 - 14:55:59] path=(/direct)500=count(1):min(26.13):50%(26.13):80%(26.13):90%(26.13):95%(26.13):99%(26.13):99.9%(26.13):max(26.13)
15:01:01,893 ~ [15:00:00 - 15:00:59] path=(/direct2)500=count(2):min(.42):50%(.96):80%(.96):90%(.96):95%(.96):99%(.96):99.9%(.96):max(.96)
16:22:00,107 ~ [16:21:00 - 16:21:59] path=(/direct)500=count(2):min(.61):50%(53.17):80%(53.17):90%(53.17):95%(53.17):99%(53.17):99.9%(53.17):max(53.17)
16:23:00,128 ~ [16:22:00 - 16:22:59] path=()404=count(2):min(53.38):50%(400.72):80%(400.72):90%(400.72):95%(400.72):99%(400.72):99.9%(400.72):max(400.72)
16:24:00,146 ~ [16:23:00 - 16:23:59] path=()404=count(3):min(331.54):50%(422.12):80%(491.00):90%(491.00):95%(491.00):99%(491.00):99.9%(491.00):max(491.00)
16:25:00,164 ~ [16:24:00 - 16:24:59] path=()404=count(4):min(42.74):50%(125.78):80%(145.39):90%(145.39):95%(145.39):99%(145.39):99.9%(145.39):max(145.39)
16:42:00,420 ~ [16:41:00 - 16:41:59] path=(/direct)500=count(1):min(167.63):50%(167.63):80%(167.63):90%(167.63):95%(167.63):99%(167.63):99.9%(167.63):max(167.63)
16:43:00,435 ~ [16:42:00 - 16:42:59] path=(/direct)500=count(1):min(156.63):50%(156.63):80%(156.63):90%(156.63):95%(156.63):99%(156.63):99.9%(156.63):max(156.63)
16:45:00,475 ~ [16:44:00 - 16:44:59] path=(/direct)500=count(1):min(129207.23):50%(129207.23):80%(129207.23):90%(129207.23):95%(129207.23):99%(129207.23):99.9%(129207.23):max(129207.23)
16:46:00,487 ~ [16:45:00 - 16:45:59] path=(/direct)500=count(2):min(106.16):50%(166.33):80%(166.33):90%(166.33):95%(166.33):99%(166.33):99.9%(166.33):max(166.33)
16:47:00,505 ~ [16:46:00 - 16:46:59] path=(/direct)500=count(1):min(9829.17):50%(9829.17):80%(9829.17):90%(9829.17):95%(9829.17):99%(9829.17):99.9%(9829.17):max(9829.17)
16:50:00,549 ~ [16:49:00 - 16:49:59] path=(/direct)500=count(1):min(147.22):50%(147.22):80%(147.22):90%(147.22):95%(147.22):99%(147.22):99.9%(147.22):max(147.22)
16:51:00,572 ~ [16:50:00 - 16:50:59] path=(/direct)500=count(1):min(31848.34):50%(31848.34):80%(31848.34):90%(31848.34):95%(31848.34):99%(31848.34):99.9%(31848.34):max(31848.34)
16:52:00,591 ~ [16:51:00 - 16:51:59] path=(/direct)500=count(1):min(29866.24):50%(29866.24):80%(29866.24):90%(29866.24):95%(29866.24):99%(29866.24):99.9%(29866.24):max(29866.24)
16:54:00,625 ~ [16:53:00 - 16:53:59] path=(/direct)500=count(1):min(36890.61):50%(36890.61):80%(36890.61):90%(36890.61):95%(36890.61):99%(36890.61):99.9%(36890.61):max(36890.61)
16:55:00,642 ~ [16:54:00 - 16:54:59] path=(/direct)500=count(2):min(1553.76):50%(3268.57):80%(3268.57):90%(3268.57):95%(3268.57):99%(3268.57):99.9%(3268.57):max(3268.57)
16:56:00,667 ~ [16:55:00 - 16:55:59] path=(/direct)500=count(2):min(98.05):50%(142.10):80%(142.10):90%(142.10):95%(142.10):99%(142.10):99.9%(142.10):max(142.10)
17:09:00,095 ~ [17:08:00 - 17:08:59] path=(/direct)500=count(1):min(31602.74):50%(31602.74):80%(31602.74):90%(31602.74):95%(31602.74):99%(31602.74):99.9%(31602.74):max(31602.74)
17:11:00,123 ~ [17:10:00 - 17:10:59] path=(/direct)500=count(2):min(3831.69):50%(11852.90):80%(11852.90):90%(11852.90):95%(11852.90):99%(11852.90):99.9%(11852.90):max(11852.90)
17:12:00,139 ~ [17:11:00 - 17:11:59] path=(/direct)500=count(1):min(15087.52):50%(15087.52):80%(15087.52):90%(15087.52):95%(15087.52):99%(15087.52):99.9%(15087.52):max(15087.52)
17:13:00,171 ~ [17:12:00 - 17:12:59] path=(/direct)500=count(2):min(12711.61):50%(26329.82):80%(26329.82):90%(26329.82):95%(26329.82):99%(26329.82):99.9%(26329.82):max(26329.82)
17:14:00,194 ~ [17:13:00 - 17:13:59] path=(/direct)500=count(1):min(62261.79):50%(62261.79):80%(62261.79):90%(62261.79):95%(62261.79):99%(62261.79):99.9%(62261.79):max(62261.79)
17:17:00,242 ~ [17:16:00 - 17:16:59] path=(/direct)500=count(1):min(30619.03):50%(30619.03):80%(30619.03):90%(30619.03):95%(30619.03):99%(30619.03):99.9%(30619.03):max(30619.03)
17:19:00,284 ~ [17:18:00 - 17:18:59] path=()404=count(3):min(496.83):50%(513.46):80%(581.42):90%(581.42):95%(581.42):99%(581.42):99.9%(581.42):max(581.42)
17:20:00,300 ~ [17:19:00 - 17:19:59] path=()404=count(4):min(43.07):50%(100.68):80%(132.62):90%(132.62):95%(132.62):99%(132.62):99.9%(132.62):max(132.62)
17:22:00,355 ~ [17:21:00 - 17:21:59] path=()404=count(4):min(51.50):50%(156.58):80%(191.29):90%(191.29):95%(191.29):99%(191.29):99.9%(191.29):max(191.29)
17:23:00,370 ~ [17:22:00 - 17:22:59] path=()404=count(3):min(96.95):50%(109.69):80%(301.01):90%(301.01):95%(301.01):99%(301.01):99.9%(301.01):max(301.01)
17:29:00,520 ~ [17:28:00 - 17:28:59] path=()404=count(9):min(49.44):50%(122.05):80%(306.76):90%(401.01):95%(401.01):99%(401.01):99.9%(401.01):max(401.01)
17:30:00,539 ~ [17:29:00 - 17:29:59] path=()404=count(6):min(56.25):50%(66.64):80%(80.04):90%(86.62):95%(86.62):99%(86.62):99.9%(86.62):max(86.62)
17:31:00,603 ~ [17:30:00 - 17:30:59] path=()404=count(9):min(58.45):50%(101.33):80%(212.38):90%(273.00):95%(273.00):99%(273.00):99.9%(273.00):max(273.00)
17:32:00,660 ~ [17:31:00 - 17:31:59] path=()404=count(1):min(99.70):50%(99.70):80%(99.70):90%(99.70):95%(99.70):99%(99.70):99.9%(99.70):max(99.70)
17:33:00,678 ~ [17:32:00 - 17:32:59] path=()404=count(5):min(51.16):50%(69.19):80%(135.19):90%(135.19):95%(135.19):99%(135.19):99.9%(135.19):max(135.19)
17:34:00,719 ~ [17:33:00 - 17:33:59] path=()404=count(12):min(64.35):50%(189.95):80%(257.05):90%(279.19):95%(301.76):99%(301.76):99.9%(301.76):max(301.76)
17:35:00,745 ~ [17:34:00 - 17:34:59] path=()404=count(6):min(85.59):50%(159.20):80%(202.13):90%(220.32):95%(220.32):99%(220.32):99.9%(220.32):max(220.32)
17:36:00,757 ~ [17:35:00 - 17:35:59] path=()404=count(3):min(347.79):50%(379.71):80%(431.98):90%(431.98):95%(431.98):99%(431.98):99.9%(431.98):max(431.98)
17:37:00,831 ~ [17:36:00 - 17:36:59] path=()404=count(6):min(63.83):50%(168.45):80%(195.04):90%(197.95):95%(197.95):99%(197.95):99.9%(197.95):max(197.95)
17:42:00,900 ~ [17:41:00 - 17:41:59] path=()404=count(9):min(61.34):50%(213.28):80%(377.19):90%(492.76):95%(492.76):99%(492.76):99.9%(492.76):max(492.76)
17:47:00,955 ~ [17:46:00 - 17:46:59] path=()404=count(3):min(705.60):50%(1009.64):80%(1012.43):90%(1012.43):95%(1012.43):99%(1012.43):99.9%(1012.43):max(1012.43)
17:48:00,970 ~ [17:47:00 - 17:47:59] path=()404=count(6):min(88.16):50%(400.95):80%(445.14):90%(484.90):95%(484.90):99%(484.90):99.9%(484.90):max(484.90)
17:50:01,008 ~ [17:49:00 - 17:49:59] path=()404=count(9):min(83.73):50%(357.83):80%(461.28):90%(683.35):95%(683.35):99%(683.35):99.9%(683.35):max(683.35)
17:52:01,071 ~ [17:51:00 - 17:51:59] path=()404=count(6):min(58.60):50%(326.46):80%(326.86):90%(398.59):95%(398.59):99%(398.59):99.9%(398.59):max(398.59)
17:56:01,151 ~ [17:55:00 - 17:55:59] path=()404=count(6):min(67.32):50%(712.12):80%(827.36):90%(829.00):95%(829.00):99%(829.00):99.9%(829.00):max(829.00)
18:20:01,504 ~ [18:19:00 - 18:19:59] path=()404=count(3):min(415.91):50%(449.31):80%(459.82):90%(459.82):95%(459.82):99%(459.82):99.9%(459.82):max(459.82)
18:21:01,521 ~ [18:20:00 - 18:20:59] path=()404=count(6):min(113.16):50%(303.39):80%(420.83):90%(573.02):95%(573.02):99%(573.02):99.9%(573.02):max(573.02)
18:22:01,534 ~ [18:21:00 - 18:21:59] path=()404=count(6):min(57.62):50%(182.47):80%(254.76):90%(336.09):95%(336.09):99%(336.09):99.9%(336.09):max(336.09)
18:26:01,675 ~ [18:25:00 - 18:25:59] path=()404=count(8):min(57.85):50%(247.75):80%(437.25):90%(530.98):95%(530.98):99%(530.98):99.9%(530.98):max(530.98)
